<?xml version="1.0" encoding="UTF-8"?>
<!-- Generated by org.testng.reporters.JUnitXMLReporter -->
<testsuite ignored="1" hostname="Dineshs-Air" failures="0" tests="1" name="Default test" time="42.214" errors="0" timestamp="2021-01-17T11:53:30 IST">
  <testcase classname="amazonTestCases.TestSignIn" name="ValidateTestSignIn" time="24.334"/>
  <testcase classname="amazonTestCases.TestSignIn" name="ValidateTestSignInFail" time="0.0">
    <ignored/>
  </testcase> <!-- ValidateTestSignInFail -->
</testsuite> <!-- Default test -->
