<?xml version="1.0" encoding="UTF-8"?>
<testng-results ignored="0" total="2" passed="2" failed="0" skipped="0">
  <reporter-output>
  </reporter-output>
  <suite started-at="2021-01-17T20:14:53 IST" name="Command line suite" finished-at="2021-01-17T20:16:11 IST" duration-ms="77691">
    <groups>
    </groups>
    <test started-at="2021-01-17T20:14:53 IST" name="Command line test" finished-at="2021-01-17T20:16:11 IST" duration-ms="77691">
      <class name="amazonTestCases.TestSignIn">
        <test-method is-config="true" signature="initTestSuite()[pri:0, instance:amazonTestCases.TestSignIn@6b3e12b5]" started-at="2021-01-17T20:14:53 IST" name="initTestSuite" finished-at="2021-01-17T20:14:53 IST" duration-ms="12" status="PASS">
          <reporter-output>
          </reporter-output>
        </test-method> <!-- initTestSuite -->
        <test-method is-config="true" signature="BeforeTest()[pri:0, instance:amazonTestCases.TestSignIn@6b3e12b5]" started-at="2021-01-17T20:14:53 IST" name="BeforeTest" finished-at="2021-01-17T20:15:07 IST" duration-ms="14237" status="PASS">
          <reporter-output>
          </reporter-output>
        </test-method> <!-- BeforeTest -->
        <test-method signature="ValidateTestSignIn()[pri:0, instance:amazonTestCases.TestSignIn@6b3e12b5]" started-at="2021-01-17T20:15:07 IST" name="ValidateTestSignIn" description="Verify Amazon Sign In is successful:" finished-at="2021-01-17T20:15:36 IST" duration-ms="28622" status="PASS">
          <reporter-output>
          </reporter-output>
        </test-method> <!-- ValidateTestSignIn -->
        <test-method is-config="true" signature="stopBrowser()[pri:0, instance:amazonTestCases.TestSignIn@6b3e12b5]" started-at="2021-01-17T20:15:36 IST" name="stopBrowser" finished-at="2021-01-17T20:15:36 IST" duration-ms="434" status="PASS">
          <reporter-output>
          </reporter-output>
        </test-method> <!-- stopBrowser -->
        <test-method is-config="true" signature="BeforeTest()[pri:0, instance:amazonTestCases.TestSignIn@6b3e12b5]" started-at="2021-01-17T20:15:36 IST" name="BeforeTest" finished-at="2021-01-17T20:16:00 IST" duration-ms="23288" status="PASS">
          <reporter-output>
          </reporter-output>
        </test-method> <!-- BeforeTest -->
        <test-method signature="ValidateTestSignInFail()[pri:0, instance:amazonTestCases.TestSignIn@6b3e12b5]" started-at="2021-01-17T20:16:00 IST" name="ValidateTestSignInFail" description="Amazon Sign In fail test:" finished-at="2021-01-17T20:16:10 IST" duration-ms="10676" status="PASS">
          <reporter-output>
          </reporter-output>
        </test-method> <!-- ValidateTestSignInFail -->
        <test-method is-config="true" signature="stopBrowser()[pri:0, instance:amazonTestCases.TestSignIn@6b3e12b5]" started-at="2021-01-17T20:16:10 IST" name="stopBrowser" finished-at="2021-01-17T20:16:11 IST" duration-ms="402" status="PASS">
          <reporter-output>
          </reporter-output>
        </test-method> <!-- stopBrowser -->
        <test-method is-config="true" signature="tearDown()[pri:0, instance:amazonTestCases.TestSignIn@6b3e12b5]" started-at="2021-01-17T20:16:11 IST" name="tearDown" finished-at="2021-01-17T20:16:11 IST" duration-ms="7" status="PASS">
          <reporter-output>
          </reporter-output>
        </test-method> <!-- tearDown -->
      </class> <!-- amazonTestCases.TestSignIn -->
    </test> <!-- Command line test -->
  </suite> <!-- Command line suite -->
</testng-results>
