<?xml version="1.0" encoding="UTF-8"?>
<testng-results ignored="0" total="1" passed="1" failed="0" skipped="0">
  <reporter-output>
  </reporter-output>
  <suite started-at="2021-04-13T12:35:26 IST" name="Default suite" finished-at="2021-04-13T12:36:30 IST" duration-ms="64456">
    <groups>
    </groups>
    <test started-at="2021-04-13T12:35:26 IST" name="Default test" finished-at="2021-04-13T12:36:30 IST" duration-ms="64456">
      <class name="amazonTestCases.TestLoginPageBrokenLinks">
        <test-method is-config="true" signature="initTestSuite()[pri:0, instance:amazonTestCases.TestLoginPageBrokenLinks@1869fbd2]" started-at="2021-04-13T12:35:26 IST" name="initTestSuite" finished-at="2021-04-13T12:35:26 IST" duration-ms="27" status="PASS">
          <reporter-output>
          </reporter-output>
        </test-method> <!-- initTestSuite -->
        <test-method is-config="true" signature="BeforeMehod()[pri:0, instance:amazonTestCases.TestLoginPageBrokenLinks@1869fbd2]" started-at="2021-04-13T12:35:26 IST" name="BeforeMehod" finished-at="2021-04-13T12:35:36 IST" duration-ms="9575" status="PASS">
          <reporter-output>
          </reporter-output>
        </test-method> <!-- BeforeMehod -->
        <test-method signature="verifyLoginPageBrokenLinks()[pri:0, instance:amazonTestCases.TestLoginPageBrokenLinks@1869fbd2]" started-at="2021-04-13T12:35:36 IST" name="verifyLoginPageBrokenLinks" description="Verify all the links in login page and return the list of broken links" finished-at="2021-04-13T12:36:28 IST" duration-ms="52195" status="PASS">
          <reporter-output>
          </reporter-output>
        </test-method> <!-- verifyLoginPageBrokenLinks -->
        <test-method is-config="true" signature="AfterMethod(org.testng.ITestResult)[pri:0, instance:amazonTestCases.TestLoginPageBrokenLinks@1869fbd2]" started-at="2021-04-13T12:36:28 IST" name="AfterMethod" finished-at="2021-04-13T12:36:30 IST" duration-ms="2634" status="PASS">
          <params>
            <param index="0">
              <value>
                <![CDATA[[TestResult name=verifyLoginPageBrokenLinks status=SUCCESS method=TestLoginPageBrokenLinks.verifyLoginPageBrokenLinks()[pri:0, instance:amazonTestCases.TestLoginPageBrokenLinks@1869fbd2] output={null}]]]>
              </value>
            </param>
          </params>
          <reporter-output>
          </reporter-output>
        </test-method> <!-- AfterMethod -->
        <test-method is-config="true" signature="AfterSuite(org.testng.ITestContext)[pri:0, instance:amazonTestCases.TestLoginPageBrokenLinks@1869fbd2]" started-at="2021-04-13T12:36:35 IST" name="AfterSuite" finished-at="2021-04-13T12:36:35 IST" duration-ms="7" status="PASS">
          <params>
            <param index="0">
              <value>
                <![CDATA[org.testng.TestRunner@1442f788]]>
              </value>
            </param>
          </params>
          <reporter-output>
          </reporter-output>
        </test-method> <!-- AfterSuite -->
      </class> <!-- amazonTestCases.TestLoginPageBrokenLinks -->
    </test> <!-- Default test -->
  </suite> <!-- Default suite -->
</testng-results>
